<?xml version="1.0" encoding="UTF-8"?>
<!-- Generated by org.testng.reporters.JUnitReportReporter -->
<testsuite hostname="LAPTOP-LC5DUT9O" failures="0" tests="1" name="scripts.CheckCopyrightFooter" time="10.042" errors="0" timestamp="2025-08-05T15:18:13 IST" skipped="0">
  <testcase classname="scripts.CheckCopyrightFooter" name="checkingFooter" time="10.042"/>
</testsuite> <!-- scripts.CheckCopyrightFooter -->
