<?xml version="1.0" encoding="UTF-8"?>
<!-- Generated by org.testng.reporters.JUnitReportReporter -->
<testsuite hostname="LAPTOP-LC5DUT9O" failures="0" tests="1" name="scripts.SelectDeliveryAreaTest" time="16.018" errors="0" timestamp="2025-08-05T15:18:13 IST" skipped="0">
  <testcase classname="scripts.SelectDeliveryAreaTest" name="verifyDeliveryAreaDropdown" time="16.018"/>
</testsuite> <!-- scripts.SelectDeliveryAreaTest -->
