<?xml version="1.0" encoding="UTF-8"?>
<!-- Generated by org.testng.reporters.JUnitReportReporter -->
<testsuite hostname="LAPTOP-LC5DUT9O" failures="0" tests="1" name="scripts.SelectDeliveryAreaTest" time="10.625" errors="0" timestamp="2025-08-11T11:42:46 IST" skipped="0">
  <testcase classname="scripts.SelectDeliveryAreaTest" name="verifyDeliveryAreaDropdown" time="10.625"/>
</testsuite> <!-- scripts.SelectDeliveryAreaTest -->
